<?xml version="1.0" encoding="windows-1251" standalone="no"?>
<!DOCTYPE log SYSTEM "logger.dtd">
<log>
<record>
  <date>2021-04-14T21:28:25.040991Z</date>
  <millis>1618435705040</millis>
  <nanos>991000</nanos>
  <sequence>0</sequence>
  <logger>org.apache.catalina.startup.VersionLoggerListener</logger>
  <level>INFO</level>
  <class>org.apache.catalina.startup.VersionLoggerListener</class>
  <method>log</method>
  <thread>1</thread>
  <message>Server version name:   Apache Tomcat/8.5.63</message>
</record>
<record>
  <date>2021-04-14T21:28:25.060267900Z</date>
  <millis>1618435705060</millis>
  <nanos>267900</nanos>
  <sequence>1</sequence>
  <logger>org.apache.catalina.startup.VersionLoggerListener</logger>
  <level>INFO</level>
  <class>org.apache.catalina.startup.VersionLoggerListener</class>
  <method>log</method>
  <thread>1</thread>
  <message>Server built:          Jan 29 2021 11:21:49 UTC</message>
</record>
<record>
  <date>2021-04-14T21:28:25.061265Z</date>
  <millis>1618435705061</millis>
  <nanos>265000</nanos>
  <sequence>2</sequence>
  <logger>org.apache.catalina.startup.VersionLoggerListener</logger>
  <level>INFO</level>
  <class>org.apache.catalina.startup.VersionLoggerListener</class>
  <method>log</method>
  <thread>1</thread>
  <message>Server version number: 8.5.63.0</message>
</record>
<record>
  <date>2021-04-14T21:28:25.062261900Z</date>
  <millis>1618435705062</millis>
  <nanos>261900</nanos>
  <sequence>3</sequence>
  <logger>org.apache.catalina.startup.VersionLoggerListener</logger>
  <level>INFO</level>
  <class>org.apache.catalina.startup.VersionLoggerListener</class>
  <method>log</method>
  <thread>1</thread>
  <message>OS Name:               Windows 10</message>
</record>
<record>
  <date>2021-04-14T21:28:25.064256700Z</date>
  <millis>1618435705064</millis>
  <nanos>256700</nanos>
  <sequence>4</sequence>
  <logger>org.apache.catalina.startup.VersionLoggerListener</logger>
  <level>INFO</level>
  <class>org.apache.catalina.startup.VersionLoggerListener</class>
  <method>log</method>
  <thread>1</thread>
  <message>Версия ОС:             10.0</message>
</record>
<record>
  <date>2021-04-14T21:28:25.065254Z</date>
  <millis>1618435705065</millis>
  <nanos>254000</nanos>
  <sequence>5</sequence>
  <logger>org.apache.catalina.startup.VersionLoggerListener</logger>
  <level>INFO</level>
  <class>org.apache.catalina.startup.VersionLoggerListener</class>
  <method>log</method>
  <thread>1</thread>
  <message>Архитектура:           amd64</message>
</record>
<record>
  <date>2021-04-14T21:28:25.066251Z</date>
  <millis>1618435705066</millis>
  <nanos>251000</nanos>
  <sequence>6</sequence>
  <logger>org.apache.catalina.startup.VersionLoggerListener</logger>
  <level>INFO</level>
  <class>org.apache.catalina.startup.VersionLoggerListener</class>
  <method>log</method>
  <thread>1</thread>
  <message>Java Home:             C:\Program Files\Java\jdk-15.0.2</message>
</record>
<record>
  <date>2021-04-14T21:28:25.067248200Z</date>
  <millis>1618435705067</millis>
  <nanos>248200</nanos>
  <sequence>7</sequence>
  <logger>org.apache.catalina.startup.VersionLoggerListener</logger>
  <level>INFO</level>
  <class>org.apache.catalina.startup.VersionLoggerListener</class>
  <method>log</method>
  <thread>1</thread>
  <message>Версия JVM:            15.0.2+7-27</message>
</record>
<record>
  <date>2021-04-14T21:28:25.067248200Z</date>
  <millis>1618435705067</millis>
  <nanos>248200</nanos>
  <sequence>8</sequence>
  <logger>org.apache.catalina.startup.VersionLoggerListener</logger>
  <level>INFO</level>
  <class>org.apache.catalina.startup.VersionLoggerListener</class>
  <method>log</method>
  <thread>1</thread>
  <message>JVM Vendor:            Oracle Corporation</message>
</record>
<record>
  <date>2021-04-14T21:28:25.068246300Z</date>
  <millis>1618435705068</millis>
  <nanos>246300</nanos>
  <sequence>9</sequence>
  <logger>org.apache.catalina.startup.VersionLoggerListener</logger>
  <level>INFO</level>
  <class>org.apache.catalina.startup.VersionLoggerListener</class>
  <method>log</method>
  <thread>1</thread>
  <message>CATALINA_BASE:         C:\Users\163ty\AppData\Local\JetBrains\IntelliJIdea2021.1\tomcat\076d4169-6e28-4043-91b8-3c5609bb7b3b</message>
</record>
<record>
  <date>2021-04-14T21:28:25.069242800Z</date>
  <millis>1618435705069</millis>
  <nanos>242800</nanos>
  <sequence>10</sequence>
  <logger>org.apache.catalina.startup.VersionLoggerListener</logger>
  <level>INFO</level>
  <class>org.apache.catalina.startup.VersionLoggerListener</class>
  <method>log</method>
  <thread>1</thread>
  <message>CATALINA_HOME:         C:\Program Files\Apache Software Foundation\Tomcat 8.5</message>
</record>
<record>
  <date>2021-04-14T21:28:25.072235100Z</date>
  <millis>1618435705072</millis>
  <nanos>235100</nanos>
  <sequence>11</sequence>
  <logger>org.apache.catalina.startup.VersionLoggerListener</logger>
  <level>INFO</level>
  <class>org.apache.catalina.startup.VersionLoggerListener</class>
  <method>log</method>
  <thread>1</thread>
  <message>Command line argument: --add-opens=java.base/java.lang=ALL-UNNAMED</message>
</record>
<record>
  <date>2021-04-14T21:28:25.072235100Z</date>
  <millis>1618435705072</millis>
  <nanos>235100</nanos>
  <sequence>12</sequence>
  <logger>org.apache.catalina.startup.VersionLoggerListener</logger>
  <level>INFO</level>
  <class>org.apache.catalina.startup.VersionLoggerListener</class>
  <method>log</method>
  <thread>1</thread>
  <message>Command line argument: --add-opens=java.base/java.io=ALL-UNNAMED</message>
</record>
<record>
  <date>2021-04-14T21:28:25.073232400Z</date>
  <millis>1618435705073</millis>
  <nanos>232400</nanos>
  <sequence>13</sequence>
  <logger>org.apache.catalina.startup.VersionLoggerListener</logger>
  <level>INFO</level>
  <class>org.apache.catalina.startup.VersionLoggerListener</class>
  <method>log</method>
  <thread>1</thread>
  <message>Command line argument: --add-opens=java.base/java.util=ALL-UNNAMED</message>
</record>
<record>
  <date>2021-04-14T21:28:25.074229600Z</date>
  <millis>1618435705074</millis>
  <nanos>229600</nanos>
  <sequence>14</sequence>
  <logger>org.apache.catalina.startup.VersionLoggerListener</logger>
  <level>INFO</level>
  <class>org.apache.catalina.startup.VersionLoggerListener</class>
  <method>log</method>
  <thread>1</thread>
  <message>Command line argument: --add-opens=java.base/java.util.concurrent=ALL-UNNAMED</message>
</record>
<record>
  <date>2021-04-14T21:28:25.076224800Z</date>
  <millis>1618435705076</millis>
  <nanos>224800</nanos>
  <sequence>15</sequence>
  <logger>org.apache.catalina.startup.VersionLoggerListener</logger>
  <level>INFO</level>
  <class>org.apache.catalina.startup.VersionLoggerListener</class>
  <method>log</method>
  <thread>1</thread>
  <message>Command line argument: --add-opens=java.rmi/sun.rmi.transport=ALL-UNNAMED</message>
</record>
<record>
  <date>2021-04-14T21:28:25.076224800Z</date>
  <millis>1618435705076</millis>
  <nanos>224800</nanos>
  <sequence>16</sequence>
  <logger>org.apache.catalina.startup.VersionLoggerListener</logger>
  <level>INFO</level>
  <class>org.apache.catalina.startup.VersionLoggerListener</class>
  <method>log</method>
  <thread>1</thread>
  <message>Command line argument: -Djava.util.logging.config.file=C:\Users\163ty\AppData\Local\JetBrains\IntelliJIdea2021.1\tomcat\076d4169-6e28-4043-91b8-3c5609bb7b3b\conf\logging.properties</message>
</record>
<record>
  <date>2021-04-14T21:28:25.077221800Z</date>
  <millis>1618435705077</millis>
  <nanos>221800</nanos>
  <sequence>17</sequence>
  <logger>org.apache.catalina.startup.VersionLoggerListener</logger>
  <level>INFO</level>
  <class>org.apache.catalina.startup.VersionLoggerListener</class>
  <method>log</method>
  <thread>1</thread>
  <message>Command line argument: -Djava.util.logging.manager=org.apache.juli.ClassLoaderLogManager</message>
</record>
<record>
  <date>2021-04-14T21:28:25.080213300Z</date>
  <millis>1618435705080</millis>
  <nanos>213300</nanos>
  <sequence>18</sequence>
  <logger>org.apache.catalina.startup.VersionLoggerListener</logger>
  <level>INFO</level>
  <class>org.apache.catalina.startup.VersionLoggerListener</class>
  <method>log</method>
  <thread>1</thread>
  <message>Command line argument: -Djava.util.logging.config.file=C:/Users/163ty/Desktop/KursProdjWEB/WebSC/src/main/resources/log.properties</message>
</record>
<record>
  <date>2021-04-14T21:28:25.082208800Z</date>
  <millis>1618435705082</millis>
  <nanos>208800</nanos>
  <sequence>19</sequence>
  <logger>org.apache.catalina.startup.VersionLoggerListener</logger>
  <level>INFO</level>
  <class>org.apache.catalina.startup.VersionLoggerListener</class>
  <method>log</method>
  <thread>1</thread>
  <message>Command line argument: -Dcom.sun.management.jmxremote=</message>
</record>
<record>
  <date>2021-04-14T21:28:25.090187Z</date>
  <millis>1618435705090</millis>
  <nanos>187000</nanos>
  <sequence>20</sequence>
  <logger>org.apache.catalina.startup.VersionLoggerListener</logger>
  <level>INFO</level>
  <class>org.apache.catalina.startup.VersionLoggerListener</class>
  <method>log</method>
  <thread>1</thread>
  <message>Command line argument: -Dcom.sun.management.jmxremote.port=1099</message>
</record>
<record>
  <date>2021-04-14T21:28:25.092181Z</date>
  <millis>1618435705092</millis>
  <nanos>181000</nanos>
  <sequence>21</sequence>
  <logger>org.apache.catalina.startup.VersionLoggerListener</logger>
  <level>INFO</level>
  <class>org.apache.catalina.startup.VersionLoggerListener</class>
  <method>log</method>
  <thread>1</thread>
  <message>Command line argument: -Dcom.sun.management.jmxremote.ssl=false</message>
</record>
<record>
  <date>2021-04-14T21:28:25.094176400Z</date>
  <millis>1618435705094</millis>
  <nanos>176400</nanos>
  <sequence>22</sequence>
  <logger>org.apache.catalina.startup.VersionLoggerListener</logger>
  <level>INFO</level>
  <class>org.apache.catalina.startup.VersionLoggerListener</class>
  <method>log</method>
  <thread>1</thread>
  <message>Command line argument: -Dcom.sun.management.jmxremote.password.file=C:\Users\163ty\AppData\Local\JetBrains\IntelliJIdea2021.1\tomcat\076d4169-6e28-4043-91b8-3c5609bb7b3b\jmxremote.password</message>
</record>
<record>
  <date>2021-04-14T21:28:25.095174100Z</date>
  <millis>1618435705095</millis>
  <nanos>174100</nanos>
  <sequence>23</sequence>
  <logger>org.apache.catalina.startup.VersionLoggerListener</logger>
  <level>INFO</level>
  <class>org.apache.catalina.startup.VersionLoggerListener</class>
  <method>log</method>
  <thread>1</thread>
  <message>Command line argument: -Dcom.sun.management.jmxremote.access.file=C:\Users\163ty\AppData\Local\JetBrains\IntelliJIdea2021.1\tomcat\076d4169-6e28-4043-91b8-3c5609bb7b3b\jmxremote.access</message>
</record>
<record>
  <date>2021-04-14T21:28:25.097168400Z</date>
  <millis>1618435705097</millis>
  <nanos>168400</nanos>
  <sequence>24</sequence>
  <logger>org.apache.catalina.startup.VersionLoggerListener</logger>
  <level>INFO</level>
  <class>org.apache.catalina.startup.VersionLoggerListener</class>
  <method>log</method>
  <thread>1</thread>
  <message>Command line argument: -Djava.rmi.server.hostname=127.0.0.1</message>
</record>
<record>
  <date>2021-04-14T21:28:25.098166100Z</date>
  <millis>1618435705098</millis>
  <nanos>166100</nanos>
  <sequence>25</sequence>
  <logger>org.apache.catalina.startup.VersionLoggerListener</logger>
  <level>INFO</level>
  <class>org.apache.catalina.startup.VersionLoggerListener</class>
  <method>log</method>
  <thread>1</thread>
  <message>Command line argument: -Djdk.tls.ephemeralDHKeySize=2048</message>
</record>
<record>
  <date>2021-04-14T21:28:25.099163200Z</date>
  <millis>1618435705099</millis>
  <nanos>163200</nanos>
  <sequence>26</sequence>
  <logger>org.apache.catalina.startup.VersionLoggerListener</logger>
  <level>INFO</level>
  <class>org.apache.catalina.startup.VersionLoggerListener</class>
  <method>log</method>
  <thread>1</thread>
  <message>Command line argument: -Djava.protocol.handler.pkgs=org.apache.catalina.webresources</message>
</record>
<record>
  <date>2021-04-14T21:28:25.101157800Z</date>
  <millis>1618435705101</millis>
  <nanos>157800</nanos>
  <sequence>27</sequence>
  <logger>org.apache.catalina.startup.VersionLoggerListener</logger>
  <level>INFO</level>
  <class>org.apache.catalina.startup.VersionLoggerListener</class>
  <method>log</method>
  <thread>1</thread>
  <message>Command line argument: -Dignore.endorsed.dirs=</message>
</record>
<record>
  <date>2021-04-14T21:28:25.103152300Z</date>
  <millis>1618435705103</millis>
  <nanos>152300</nanos>
  <sequence>28</sequence>
  <logger>org.apache.catalina.startup.VersionLoggerListener</logger>
  <level>INFO</level>
  <class>org.apache.catalina.startup.VersionLoggerListener</class>
  <method>log</method>
  <thread>1</thread>
  <message>Command line argument: -Dcatalina.base=C:\Users\163ty\AppData\Local\JetBrains\IntelliJIdea2021.1\tomcat\076d4169-6e28-4043-91b8-3c5609bb7b3b</message>
</record>
<record>
  <date>2021-04-14T21:28:25.104150300Z</date>
  <millis>1618435705104</millis>
  <nanos>150300</nanos>
  <sequence>29</sequence>
  <logger>org.apache.catalina.startup.VersionLoggerListener</logger>
  <level>INFO</level>
  <class>org.apache.catalina.startup.VersionLoggerListener</class>
  <method>log</method>
  <thread>1</thread>
  <message>Command line argument: -Dcatalina.home=C:\Program Files\Apache Software Foundation\Tomcat 8.5</message>
</record>
<record>
  <date>2021-04-14T21:28:25.106144600Z</date>
  <millis>1618435705106</millis>
  <nanos>144600</nanos>
  <sequence>30</sequence>
  <logger>org.apache.catalina.startup.VersionLoggerListener</logger>
  <level>INFO</level>
  <class>org.apache.catalina.startup.VersionLoggerListener</class>
  <method>log</method>
  <thread>1</thread>
  <message>Command line argument: -Djava.io.tmpdir=C:\Program Files\Apache Software Foundation\Tomcat 8.5\temp</message>
</record>
<record>
  <date>2021-04-14T21:28:25.106144600Z</date>
  <millis>1618435705106</millis>
  <nanos>144600</nanos>
  <sequence>31</sequence>
  <logger>org.apache.catalina.core.AprLifecycleListener</logger>
  <level>INFO</level>
  <class>org.apache.catalina.core.AprLifecycleListener</class>
  <method>lifecycleEvent</method>
  <thread>1</thread>
  <message>The Apache Tomcat Native library which allows using OpenSSL was not found on the java.library.path: [C:\Program Files\Java\jdk-15.0.2\bin;C:\WINDOWS\Sun\Java\bin;C:\WINDOWS\system32;C:\WINDOWS;C:\Program Files\Common Files\Oracle\Java\javapath;C:\Program Files (x86)\NVIDIA Corporation\PhysX\Common;C:\Program Files\Microsoft MPI\Bin\;C:\Program Files (x86)\Intel\iCLS Client\;C:\Program Files\Intel\iCLS Client\;C:\Windows;C:\Program Files\Java\jdk1.8.0_221\bin;C:\Program Files\dotnet\;C:\Program Files\NVIDIA Corporation\NVIDIA NvDLISR;C:\WINDOWS\system32;C:\WINDOWS;C:\WINDOWS\System32\Wbem;C:\WINDOWS\System32\WindowsPowerShell\v1.0\;C:\Windows\system32;C:\Program Files\Microsoft Network Monitor 3\;C:\Program Files\Microsoft SQL Server\Client SDK\ODBC\170\Tools\Binn\;C:\Program Files (x86)\Intel\Intel(R) Management Engine Components\DAL;C:\Program Files\Intel\Intel(R) Management Engine Components\DAL;C:\Program Files (x86)\Intel\Intel(R) Management Engine Components\IPT;C:\Program Files\Intel\Intel(R) Management Engine Components\IPT;C:\WINDOWS\System32\OpenSSH\;D:\SQLite\;C:\Program Files\Microsoft SQL Server\130\Tools\Binn\;C:\Program Files (x86)\dotnet\;D:\nodejs\;"C:\WINDOWS\system32;C:\Users\163ty\AppData\Local\Microsoft\WindowsApps;C:\Program Files\JetBrains\IntelliJ IDEA Community Edition 2019.2.2\bin;";C:\Users\163ty\.dotnet\tools;D:\IntelliJ IDEA 211.6222.4\bin;D:\Microsoft VS Code\bin;C:\Users\163ty\AppData\Roaming\npm;.]</message>
</record>
<record>
  <date>2021-04-14T21:28:25.207830400Z</date>
  <millis>1618435705207</millis>
  <nanos>830400</nanos>
  <sequence>32</sequence>
  <logger>org.apache.coyote.http11.Http11NioProtocol</logger>
  <level>INFO</level>
  <class>org.apache.coyote.AbstractProtocol</class>
  <method>init</method>
  <thread>1</thread>
  <message>Initializing ProtocolHandler ["http-nio-8080"]</message>
</record>
<record>
  <date>2021-04-14T21:28:25.233761Z</date>
  <millis>1618435705233</millis>
  <nanos>761000</nanos>
  <sequence>33</sequence>
  <logger>org.apache.tomcat.util.net.NioSelectorPool</logger>
  <level>INFO</level>
  <class>org.apache.tomcat.util.net.NioSelectorPool</class>
  <method>getSharedSelector</method>
  <thread>1</thread>
  <message>Using a shared selector for servlet write/read</message>
</record>
<record>
  <date>2021-04-14T21:28:25.254704800Z</date>
  <millis>1618435705254</millis>
  <nanos>704800</nanos>
  <sequence>34</sequence>
  <logger>org.apache.catalina.startup.Catalina</logger>
  <level>INFO</level>
  <class>org.apache.catalina.startup.Catalina</class>
  <method>load</method>
  <thread>1</thread>
  <message>Initialization processed in 742 ms</message>
</record>
<record>
  <date>2021-04-14T21:28:25.330502800Z</date>
  <millis>1618435705330</millis>
  <nanos>502800</nanos>
  <sequence>35</sequence>
  <logger>org.apache.catalina.core.StandardService</logger>
  <level>INFO</level>
  <class>org.apache.catalina.core.StandardService</class>
  <method>startInternal</method>
  <thread>1</thread>
  <message>Starting service [Catalina]</message>
</record>
<record>
  <date>2021-04-14T21:28:25.331499600Z</date>
  <millis>1618435705331</millis>
  <nanos>499600</nanos>
  <sequence>36</sequence>
  <logger>org.apache.catalina.core.StandardEngine</logger>
  <level>INFO</level>
  <class>org.apache.catalina.core.StandardEngine</class>
  <method>startInternal</method>
  <thread>1</thread>
  <message>Starting Servlet Engine: Apache Tomcat/8.5.63</message>
</record>
<record>
  <date>2021-04-14T21:28:25.361420100Z</date>
  <millis>1618435705361</millis>
  <nanos>420100</nanos>
  <sequence>37</sequence>
  <logger>org.apache.coyote.http11.Http11NioProtocol</logger>
  <level>INFO</level>
  <class>org.apache.coyote.AbstractProtocol</class>
  <method>start</method>
  <thread>1</thread>
  <message>Starting ProtocolHandler ["http-nio-8080"]</message>
</record>
<record>
  <date>2021-04-14T21:28:25.376378800Z</date>
  <millis>1618435705376</millis>
  <nanos>378800</nanos>
  <sequence>38</sequence>
  <logger>org.apache.catalina.startup.Catalina</logger>
  <level>INFO</level>
  <class>org.apache.catalina.startup.Catalina</class>
  <method>start</method>
  <thread>1</thread>
  <message>Server startup in 120 ms</message>
</record>
<record>
  <date>2021-04-14T21:28:27.898935700Z</date>
  <millis>1618435707898</millis>
  <nanos>935700</nanos>
  <sequence>39</sequence>
  <logger>org.apache.tomcat.util.descriptor.web.WebXml</logger>
  <level>WARNING</level>
  <class>org.apache.tomcat.util.descriptor.web.WebXml</class>
  <method>setVersion</method>
  <thread>38</thread>
  <message>Unknown version string [4.0]. Default version will be used.</message>
</record>
<record>
  <date>2021-04-14T21:28:29.214711700Z</date>
  <millis>1618435709214</millis>
  <nanos>711700</nanos>
  <sequence>40</sequence>
  <logger>org.apache.jasper.servlet.TldScanner</logger>
  <level>INFO</level>
  <class>org.apache.jasper.servlet.TldScanner</class>
  <method>scanJars</method>
  <thread>38</thread>
  <message>At least one JAR was scanned for TLDs yet contained no TLDs. Enable debug logging for this logger for a complete list of JARs that were scanned but no TLDs were found in them. Skipping unneeded JARs during scanning can improve startup time and JSP compilation time.</message>
</record>
<record>
  <date>2021-04-14T21:28:35.380753600Z</date>
  <millis>1618435715380</millis>
  <nanos>753600</nanos>
  <sequence>41</sequence>
  <logger>org.apache.catalina.startup.HostConfig</logger>
  <level>INFO</level>
  <class>org.apache.catalina.startup.HostConfig</class>
  <method>deployDirectory</method>
  <thread>43</thread>
  <message>Установка веб приложения в папку [C:\Program Files\Apache Software Foundation\Tomcat 8.5\webapps\manager]</message>
</record>
<record>
  <date>2021-04-14T21:28:35.445864300Z</date>
  <millis>1618435715445</millis>
  <nanos>864300</nanos>
  <sequence>42</sequence>
  <logger>org.apache.catalina.startup.HostConfig</logger>
  <level>INFO</level>
  <class>org.apache.catalina.startup.HostConfig</class>
  <method>deployDirectory</method>
  <thread>43</thread>
  <message>Deployment of web application directory [C:\Program Files\Apache Software Foundation\Tomcat 8.5\webapps\manager] has finished in [64] ms</message>
</record>
<record>
  <date>2021-04-14T21:36:12.629075400Z</date>
  <millis>1618436172629</millis>
  <nanos>75400</nanos>
  <sequence>43</sequence>
  <logger>org.hibernate.Version</logger>
  <level>INFO</level>
  <class>org.hibernate.Version</class>
  <method>logVersion</method>
  <thread>24</thread>
  <message>HHH000412: Hibernate ORM core version 5.4.27.Final</message>
</record>
<record>
  <date>2021-04-14T21:36:13.586594700Z</date>
  <millis>1618436173586</millis>
  <nanos>594700</nanos>
  <sequence>44</sequence>
  <logger>org.hibernate.annotations.common.Version</logger>
  <level>INFO</level>
  <class>org.hibernate.annotations.common.reflection.java.JavaReflectionManager</class>
  <method>&lt;clinit&gt;</method>
  <thread>24</thread>
  <message>HCANN000001: Hibernate Commons Annotations {5.1.2.Final}</message>
</record>
<record>
  <date>2021-04-14T21:36:13.844926300Z</date>
  <millis>1618436173844</millis>
  <nanos>926300</nanos>
  <sequence>45</sequence>
  <logger>org.hibernate.orm.connections.pooling</logger>
  <level>WARN</level>
  <class>org.hibernate.engine.jdbc.connections.internal.DriverManagerConnectionProviderImpl</class>
  <method>configure</method>
  <thread>24</thread>
  <message>HHH10001002: Using Hibernate built-in connection pool (not for production use!)</message>
</record>
<record>
  <date>2021-04-14T21:36:13.851943300Z</date>
  <millis>1618436173851</millis>
  <nanos>943300</nanos>
  <sequence>46</sequence>
  <logger>org.hibernate.orm.connections.pooling</logger>
  <level>INFO</level>
  <class>org.hibernate.engine.jdbc.connections.internal.DriverManagerConnectionProviderImpl</class>
  <method>buildCreator</method>
  <thread>24</thread>
  <message>HHH10001005: using driver [org.postgresql.Driver] at URL [jdbc:postgresql://localhost:5432/SportsComplex]</message>
</record>
<record>
  <date>2021-04-14T21:36:13.852943200Z</date>
  <millis>1618436173852</millis>
  <nanos>943200</nanos>
  <sequence>47</sequence>
  <logger>org.hibernate.orm.connections.pooling</logger>
  <level>INFO</level>
  <class>org.hibernate.engine.jdbc.connections.internal.DriverManagerConnectionProviderImpl</class>
  <method>buildCreator</method>
  <thread>24</thread>
  <message>HHH10001001: Connection properties: {password=****, user=postgres}</message>
</record>
<record>
  <date>2021-04-14T21:36:13.853934900Z</date>
  <millis>1618436173853</millis>
  <nanos>934900</nanos>
  <sequence>48</sequence>
  <logger>org.hibernate.orm.connections.pooling</logger>
  <level>INFO</level>
  <class>org.hibernate.engine.jdbc.connections.internal.DriverManagerConnectionProviderImpl</class>
  <method>buildCreator</method>
  <thread>24</thread>
  <message>HHH10001003: Autocommit mode: false</message>
</record>
<record>
  <date>2021-04-14T21:36:13.858928200Z</date>
  <millis>1618436173858</millis>
  <nanos>928200</nanos>
  <sequence>49</sequence>
  <logger>org.hibernate.engine.jdbc.connections.internal.DriverManagerConnectionProviderImpl</logger>
  <level>INFO</level>
  <class>org.hibernate.engine.jdbc.connections.internal.DriverManagerConnectionProviderImpl$PooledConnections</class>
  <method>&lt;init&gt;</method>
  <thread>24</thread>
  <message>HHH000115: Hibernate connection pool size: 20 (min=1)</message>
</record>
<record>
  <date>2021-04-14T21:36:14.455055400Z</date>
  <millis>1618436174455</millis>
  <nanos>55400</nanos>
  <sequence>50</sequence>
  <logger>org.hibernate.dialect.Dialect</logger>
  <level>INFO</level>
  <class>org.hibernate.dialect.Dialect</class>
  <method>&lt;init&gt;</method>
  <thread>24</thread>
  <message>HHH000400: Using dialect: org.hibernate.dialect.PostgreSQL95Dialect</message>
</record>
<record>
  <date>2021-04-14T21:36:15.649039400Z</date>
  <millis>1618436175649</millis>
  <nanos>39400</nanos>
  <sequence>51</sequence>
  <logger>org.hibernate.validator.internal.util.Version</logger>
  <level>INFO</level>
  <class>org.hibernate.validator.internal.util.Version</class>
  <method>&lt;clinit&gt;</method>
  <thread>24</thread>
  <message>HV000001: Hibernate Validator 6.2.0.Final</message>
</record>
<record>
  <date>2021-04-14T21:36:17.152309300Z</date>
  <millis>1618436177152</millis>
  <nanos>309300</nanos>
  <sequence>52</sequence>
  <logger>org.hibernate.orm.connections.access</logger>
  <level>INFO</level>
  <class>org.hibernate.resource.transaction.backend.jdbc.internal.DdlTransactionIsolatorNonJtaImpl</class>
  <method>getIsolatedConnection</method>
  <thread>24</thread>
  <message>HHH10001501: Connection obtained from JdbcConnectionAccess [org.hibernate.engine.jdbc.env.internal.JdbcEnvironmentInitiator$ConnectionProviderJdbcConnectionAccess@7613c4e0] for (non-JTA) DDL execution was not in auto-commit mode; the Connection 'local transaction' will be committed and the Connection will be set into auto-commit mode.</message>
</record>
<record>
  <date>2021-04-14T21:36:17.775664900Z</date>
  <millis>1618436177775</millis>
  <nanos>664900</nanos>
  <sequence>53</sequence>
  <logger>org.hibernate.engine.transaction.jta.platform.internal.JtaPlatformInitiator</logger>
  <level>INFO</level>
  <class>org.hibernate.engine.transaction.jta.platform.internal.JtaPlatformInitiator</class>
  <method>initiateService</method>
  <thread>24</thread>
  <message>HHH000490: Using JtaPlatform implementation: [org.hibernate.engine.transaction.jta.platform.internal.NoJtaPlatform]</message>
</record>
<record>
  <date>2021-04-14T21:36:18.268170600Z</date>
  <millis>1618436178268</millis>
  <nanos>170600</nanos>
  <sequence>54</sequence>
  <logger>dao.SportcomplexDao</logger>
  <level>INFO</level>
  <class>dao.SportcomplexDao</class>
  <method>selectSportcomplex</method>
  <thread>24</thread>
  <message>select Sportcomplex</message>
</record>
<record>
  <date>2021-04-14T21:54:47.892433500Z</date>
  <millis>1618437287892</millis>
  <nanos>433500</nanos>
  <sequence>55</sequence>
  <logger>dao.SportcomplexDao</logger>
  <level>INFO</level>
  <class>dao.SportcomplexDao</class>
  <method>selectSportcomplex</method>
  <thread>29</thread>
  <message>select Sportcomplex</message>
</record>
<record>
  <date>2021-04-14T21:54:48.071874600Z</date>
  <millis>1618437288071</millis>
  <nanos>874600</nanos>
  <sequence>56</sequence>
  <logger>dao.EmployeeDao</logger>
  <level>INFO</level>
  <class>dao.EmployeeDao</class>
  <method>selectEmployees</method>
  <thread>29</thread>
  <message>select Employees</message>
</record>
<record>
  <date>2021-04-14T22:05:41.240409900Z</date>
  <millis>1618437941240</millis>
  <nanos>409900</nanos>
  <sequence>57</sequence>
  <logger>dao.SportcomplexDao</logger>
  <level>INFO</level>
  <class>dao.SportcomplexDao</class>
  <method>selectSportcomplex</method>
  <thread>22</thread>
  <message>select Sportcomplex</message>
</record>
<record>
  <date>2021-04-14T22:05:42.407449100Z</date>
  <millis>1618437942407</millis>
  <nanos>449100</nanos>
  <sequence>58</sequence>
  <logger>dao.SportcomplexDao</logger>
  <level>INFO</level>
  <class>dao.SportcomplexDao</class>
  <method>selectSportcomplex</method>
  <thread>23</thread>
  <message>select Sportcomplex</message>
</record>
<record>
  <date>2021-04-14T22:05:42.411420100Z</date>
  <millis>1618437942411</millis>
  <nanos>420100</nanos>
  <sequence>59</sequence>
  <logger>dao.EmployeeDao</logger>
  <level>INFO</level>
  <class>dao.EmployeeDao</class>
  <method>selectEmployees</method>
  <thread>23</thread>
  <message>select Employees</message>
</record>
<record>
  <date>2021-04-14T22:09:25.589269200Z</date>
  <millis>1618438165589</millis>
  <nanos>269200</nanos>
  <sequence>60</sequence>
  <logger>dao.ClientDao</logger>
  <level>INFO</level>
  <class>dao.ClientDao</class>
  <method>selectClients</method>
  <thread>26</thread>
  <message>select Clients</message>
</record>
<record>
  <date>2021-04-14T22:23:30.704565400Z</date>
  <millis>1618439010704</millis>
  <nanos>565400</nanos>
  <sequence>61</sequence>
  <logger>dao.DisciplineDao</logger>
  <level>INFO</level>
  <class>dao.DisciplineDao</class>
  <method>selectDiscipline</method>
  <thread>29</thread>
  <message>select Discipline</message>
</record>
<record>
  <date>2021-04-14T22:34:03.740264300Z</date>
  <millis>1618439643740</millis>
  <nanos>264300</nanos>
  <sequence>62</sequence>
  <logger>dao.DisciplineDao</logger>
  <level>INFO</level>
  <class>dao.DisciplineDao</class>
  <method>selectDiscipline</method>
  <thread>22</thread>
  <message>select Discipline</message>
</record>
<record>
  <date>2021-04-14T22:38:00.589906500Z</date>
  <millis>1618439880589</millis>
  <nanos>906500</nanos>
  <sequence>63</sequence>
  <logger>dao.TrainingDao</logger>
  <level>INFO</level>
  <class>dao.TrainingDao</class>
  <method>selectTraining</method>
  <thread>25</thread>
  <message>select Training</message>
</record>
<record>
  <date>2021-04-14T22:38:00.592898500Z</date>
  <millis>1618439880592</millis>
  <nanos>898500</nanos>
  <sequence>64</sequence>
  <logger>dao.DisciplineDao</logger>
  <level>INFO</level>
  <class>dao.DisciplineDao</class>
  <method>selectDiscipline</method>
  <thread>25</thread>
  <message>select Discipline</message>
</record>
<record>
  <date>2021-04-14T22:38:00.596923600Z</date>
  <millis>1618439880596</millis>
  <nanos>923600</nanos>
  <sequence>65</sequence>
  <logger>dao.EmployeeDao</logger>
  <level>INFO</level>
  <class>dao.EmployeeDao</class>
  <method>selectEmployees</method>
  <thread>25</thread>
  <message>select Employees</message>
</record>
<record>
  <date>2021-04-14T22:38:00.599879500Z</date>
  <millis>1618439880599</millis>
  <nanos>879500</nanos>
  <sequence>66</sequence>
  <logger>dao.ClientDao</logger>
  <level>INFO</level>
  <class>dao.ClientDao</class>
  <method>selectClients</method>
  <thread>25</thread>
  <message>select Clients</message>
</record>
<record>
  <date>2021-04-14T22:47:56.305189100Z</date>
  <millis>1618440476305</millis>
  <nanos>189100</nanos>
  <sequence>67</sequence>
  <logger>dao.TrainingDao</logger>
  <level>INFO</level>
  <class>dao.TrainingDao</class>
  <method>selectTraining</method>
  <thread>27</thread>
  <message>select Training</message>
</record>
<record>
  <date>2021-04-14T22:47:56.309214700Z</date>
  <millis>1618440476309</millis>
  <nanos>214700</nanos>
  <sequence>68</sequence>
  <logger>dao.DisciplineDao</logger>
  <level>INFO</level>
  <class>dao.DisciplineDao</class>
  <method>selectDiscipline</method>
  <thread>27</thread>
  <message>select Discipline</message>
</record>
<record>
  <date>2021-04-14T22:47:56.312305Z</date>
  <millis>1618440476312</millis>
  <nanos>305000</nanos>
  <sequence>69</sequence>
  <logger>dao.EmployeeDao</logger>
  <level>INFO</level>
  <class>dao.EmployeeDao</class>
  <method>selectEmployees</method>
  <thread>27</thread>
  <message>select Employees</message>
</record>
<record>
  <date>2021-04-14T22:47:56.314299400Z</date>
  <millis>1618440476314</millis>
  <nanos>299400</nanos>
  <sequence>70</sequence>
  <logger>dao.ClientDao</logger>
  <level>INFO</level>
  <class>dao.ClientDao</class>
  <method>selectClients</method>
  <thread>27</thread>
  <message>select Clients</message>
</record>
<record>
  <date>2021-04-14T22:50:28.306977100Z</date>
  <millis>1618440628306</millis>
  <nanos>977100</nanos>
  <sequence>71</sequence>
  <logger>org.apache.catalina.core.ContainerBase.[Catalina].[localhost].[/].[servlets.TrainingServlet]</logger>
  <level>SEVERE</level>
  <class>org.apache.catalina.core.StandardWrapperValve</class>
  <method>invoke</method>
  <thread>31</thread>
  <message>Servlet.service() для сервлета [servlets.TrainingServlet] в контексте с путем [] выбросил исключение</message>
  <exception>
    <message>java.lang.RuntimeException: Ошибка преобразования даты</message>
    <frame>
      <class>servlets.TrainingServlet</class>
      <method>doPost</method>
      <line>58</line>
    </frame>
    <frame>
      <class>javax.servlet.http.HttpServlet</class>
      <method>service</method>
      <line>652</line>
    </frame>
    <frame>
      <class>javax.servlet.http.HttpServlet</class>
      <method>service</method>
      <line>733</line>
    </frame>
    <frame>
      <class>org.apache.catalina.core.ApplicationFilterChain</class>
      <method>internalDoFilter</method>
      <line>231</line>
    </frame>
    <frame>
      <class>org.apache.catalina.core.ApplicationFilterChain</class>
      <method>doFilter</method>
      <line>166</line>
    </frame>
    <frame>
      <class>org.apache.tomcat.websocket.server.WsFilter</class>
      <method>doFilter</method>
      <line>52</line>
    </frame>
    <frame>
      <class>org.apache.catalina.core.ApplicationFilterChain</class>
      <method>internalDoFilter</method>
      <line>193</line>
    </frame>
    <frame>
      <class>org.apache.catalina.core.ApplicationFilterChain</class>
      <method>doFilter</method>
      <line>166</line>
    </frame>
    <frame>
      <class>org.apache.catalina.core.StandardWrapperValve</class>
      <method>invoke</method>
      <line>199</line>
    </frame>
    <frame>
      <class>org.apache.catalina.core.StandardContextValve</class>
      <method>invoke</method>
      <line>97</line>
    </frame>
    <frame>
      <class>org.apache.catalina.authenticator.AuthenticatorBase</class>
      <method>invoke</method>
      <line>544</line>
    </frame>
    <frame>
      <class>org.apache.catalina.core.StandardHostValve</class>
      <method>invoke</method>
      <line>143</line>
    </frame>
    <frame>
      <class>org.apache.catalina.valves.ErrorReportValve</class>
      <method>invoke</method>
      <line>81</line>
    </frame>
    <frame>
      <class>org.apache.catalina.valves.AbstractAccessLogValve</class>
      <method>invoke</method>
      <line>698</line>
    </frame>
    <frame>
      <class>org.apache.catalina.core.StandardEngineValve</class>
      <method>invoke</method>
      <line>78</line>
    </frame>
    <frame>
      <class>org.apache.catalina.connector.CoyoteAdapter</class>
      <method>service</method>
      <line>353</line>
    </frame>
    <frame>
      <class>org.apache.coyote.http11.Http11Processor</class>
      <method>service</method>
      <line>616</line>
    </frame>
    <frame>
      <class>org.apache.coyote.AbstractProcessorLight</class>
      <method>process</method>
      <line>65</line>
    </frame>
    <frame>
      <class>org.apache.coyote.AbstractProtocol$ConnectionHandler</class>
      <method>process</method>
      <line>831</line>
    </frame>
    <frame>
      <class>org.apache.tomcat.util.net.NioEndpoint$SocketProcessor</class>
      <method>doRun</method>
      <line>1629</line>
    </frame>
    <frame>
      <class>org.apache.tomcat.util.net.SocketProcessorBase</class>
      <method>run</method>
      <line>49</line>
    </frame>
    <frame>
      <class>java.util.concurrent.ThreadPoolExecutor</class>
      <method>runWorker</method>
      <line>1130</line>
    </frame>
    <frame>
      <class>java.util.concurrent.ThreadPoolExecutor$Worker</class>
      <method>run</method>
      <line>630</line>
    </frame>
    <frame>
      <class>org.apache.tomcat.util.threads.TaskThread$WrappingRunnable</class>
      <method>run</method>
      <line>61</line>
    </frame>
    <frame>
      <class>java.lang.Thread</class>
      <method>run</method>
      <line>832</line>
    </frame>
  </exception>
</record>
<record>
  <date>2021-04-14T23:18:30.574479Z</date>
  <millis>1618442310574</millis>
  <nanos>479000</nanos>
  <sequence>72</sequence>
  <logger>dao.ClientDao</logger>
  <level>INFO</level>
  <class>dao.ClientDao</class>
  <method>selectClients</method>
  <thread>26</thread>
  <message>select Clients</message>
</record>
<record>
  <date>2021-04-14T23:37:53.825334900Z</date>
  <millis>1618443473825</millis>
  <nanos>334900</nanos>
  <sequence>73</sequence>
  <logger>org.apache.catalina.core.StandardServer</logger>
  <level>INFO</level>
  <class>org.apache.catalina.core.StandardServer</class>
  <method>await</method>
  <thread>1</thread>
  <message>A valid shutdown command was received via the shutdown port. Stopping the Server instance.</message>
</record>
<record>
  <date>2021-04-14T23:37:53.843252900Z</date>
  <millis>1618443473843</millis>
  <nanos>252900</nanos>
  <sequence>74</sequence>
  <logger>org.apache.coyote.http11.Http11NioProtocol</logger>
  <level>INFO</level>
  <class>org.apache.coyote.AbstractProtocol</class>
  <method>pause</method>
  <thread>1</thread>
  <message>Pausing ProtocolHandler ["http-nio-8080"]</message>
</record>
<record>
  <date>2021-04-14T23:37:53.918775100Z</date>
  <millis>1618443473918</millis>
  <nanos>775100</nanos>
  <sequence>75</sequence>
  <logger>org.apache.catalina.core.StandardService</logger>
  <level>INFO</level>
  <class>org.apache.catalina.core.StandardService</class>
  <method>stopInternal</method>
  <thread>1</thread>
  <message>Stopping service [Catalina]</message>
</record>
<record>
  <date>2021-04-14T23:37:54.070495700Z</date>
  <millis>1618443474070</millis>
  <nanos>495700</nanos>
  <sequence>76</sequence>
  <logger>org.apache.catalina.loader.WebappClassLoaderBase</logger>
  <level>WARNING</level>
  <class>org.apache.catalina.loader.WebappClassLoaderBase</class>
  <method>clearReferencesJdbc</method>
  <thread>46</thread>
  <message>The web application [ROOT] registered the JDBC driver [org.postgresql.Driver] but failed to unregister it when the web application was stopped. To prevent a memory leak, the JDBC Driver has been forcibly unregistered.</message>
</record>
<record>
  <date>2021-04-14T23:37:54.078585800Z</date>
  <millis>1618443474078</millis>
  <nanos>585800</nanos>
  <sequence>77</sequence>
  <logger>org.apache.catalina.loader.WebappClassLoaderBase</logger>
  <level>WARNING</level>
  <class>org.apache.catalina.loader.WebappClassLoaderBase</class>
  <method>clearReferencesThreads</method>
  <thread>46</thread>
  <message>The web application [ROOT] appears to have started a thread named [Hibernate Connection Pool Validation Thread] but has failed to stop it. This is very likely to create a memory leak. Stack trace of thread:
 java.base@15.0.2/jdk.internal.misc.Unsafe.park(Native Method)
 java.base@15.0.2/java.util.concurrent.locks.LockSupport.parkNanos(LockSupport.java:252)
 java.base@15.0.2/java.util.concurrent.locks.AbstractQueuedSynchronizer$ConditionObject.awaitNanos(AbstractQueuedSynchronizer.java:1661)
 java.base@15.0.2/java.util.concurrent.ScheduledThreadPoolExecutor$DelayedWorkQueue.take(ScheduledThreadPoolExecutor.java:1182)
 java.base@15.0.2/java.util.concurrent.ScheduledThreadPoolExecutor$DelayedWorkQueue.take(ScheduledThreadPoolExecutor.java:899)
 java.base@15.0.2/java.util.concurrent.ThreadPoolExecutor.getTask(ThreadPoolExecutor.java:1056)
 java.base@15.0.2/java.util.concurrent.ThreadPoolExecutor.runWorker(ThreadPoolExecutor.java:1116)
 java.base@15.0.2/java.util.concurrent.ThreadPoolExecutor$Worker.run(ThreadPoolExecutor.java:630)
 java.base@15.0.2/java.lang.Thread.run(Thread.java:832)</message>
</record>
<record>
  <date>2021-04-14T23:37:54.106503Z</date>
  <millis>1618443474106</millis>
  <nanos>503000</nanos>
  <sequence>78</sequence>
  <logger>org.apache.coyote.http11.Http11NioProtocol</logger>
  <level>INFO</level>
  <class>org.apache.coyote.AbstractProtocol</class>
  <method>stop</method>
  <thread>1</thread>
  <message>Stopping ProtocolHandler ["http-nio-8080"]</message>
</record>
<record>
  <date>2021-04-14T23:37:54.193757200Z</date>
  <millis>1618443474193</millis>
  <nanos>757200</nanos>
  <sequence>79</sequence>
  <logger>org.apache.coyote.http11.Http11NioProtocol</logger>
  <level>INFO</level>
  <class>org.apache.coyote.AbstractProtocol</class>
  <method>destroy</method>
  <thread>1</thread>
  <message>Destroying ProtocolHandler ["http-nio-8080"]</message>
</record>
</log>
